[2025-04-17T14:39:30.310Z] AutoMintCron gestartet. Führe erste Überprüfung durch...
[2025-04-17T14:39:30.314Z] Neue Epoche 1 gefunden! Starte Verarbeitung...
[2025-04-17T14:39:30.349Z] Fehler bei der CLI-Auswahl: Command failed: "C:\iota\iota.exe" move call --function select_random_winner_admin --args admin_cap:AdminCapability --addresses-file "D:\reference-project\rebasedpixels\nft-admin\temp\addresses_1744900770315.json" --sender 0x2814ed96c9c39ba01d2c4d164cdfbd8e272192dd1ae39d11aac49e352c11b3c5
error: unrecognized subcommand 'call'

Usage: iota.exe move [OPTIONS] <COMMAND>

For more information, try '--help'.
. Verwende Fallback.
[2025-04-17T14:39:30.351Z] Zufälliger Gewinner ausgewählt: 0xabcdef0123456789abcdef0123456789abcdef01
[2025-04-17T14:39:30.446Z] Fehler beim Minten des NFTs: Command failed: "C:\iota\iota.exe" move call --function mint_nft_admin --args admin_cap:AdminCapability 0xabcdef0123456789abcdef0123456789abcdef01 --metadata-file "D:\reference-project\rebasedpixels\nft-admin\temp\temp_metadata_1744900770409.json" --image-url "/api/screenshots/epoch-1.png" --sender 0x2814ed96c9c39ba01d2c4d164cdfbd8e272192dd1ae39d11aac49e352c11b3c5
error: unrecognized subcommand 'call'

Usage: iota.exe move [OPTIONS] <COMMAND>

For more information, try '--help'.

[2025-04-17T14:39:30.447Z] Fehler bei der initialen Verarbeitung: Command failed: "C:\iota\iota.exe" move call --function mint_nft_admin --args admin_cap:AdminCapability 0xabcdef0123456789abcdef0123456789abcdef01 --metadata-file "D:\reference-project\rebasedpixels\nft-admin\temp\temp_metadata_1744900770409.json" --image-url "/api/screenshots/epoch-1.png" --sender 0x2814ed96c9c39ba01d2c4d164cdfbd8e272192dd1ae39d11aac49e352c11b3c5
error: unrecognized subcommand 'call'

Usage: iota.exe move [OPTIONS] <COMMAND>

For more information, try '--help'.

[2025-04-17T14:55:33.634Z] Starte Auto-Mint-Prozess...
[2025-04-17T14:55:33.639Z] === Rebased Pixels Auto-Mint-Prozess gestartet ===
[2025-04-17T14:55:33.640Z] Überprüfe die erforderlichen Tools...
[2025-04-17T14:55:33.669Z] IOTA CLI Version: iota 0.11.4-rc-1672a3942e6a
[2025-04-17T14:55:33.670Z] Alle erforderlichen Tools sind verfügbar
[2025-04-17T14:55:33.670Z] Suche Exportdateien in: D:\reference-project\rebasedpixels\nft-admin\data\exports
[2025-04-17T14:55:33.671Z] Neue Epoche 1 gefunden! Starte Verarbeitung...
[2025-04-17T14:55:33.672Z] Wähle einen zufälligen Gewinner mit der IOTA CLI aus...
[2025-04-17T14:55:33.673Z] Führe Befehl aus: "C:\iota\iota.exe" move call --function select_random_winner_admin --args admin_cap:AdminCapability --addresses-file "D:\reference-project\rebasedpixels\nft-admin\temp\addresses_1744901733672.json" --sender 0x2814ed96c9c39ba01d2c4d164cdfbd8e272192dd1ae39d11aac49e352c11b3c5
[2025-04-17T14:55:33.702Z] Fehler bei der CLI-Auswahl: Command failed: "C:\iota\iota.exe" move call --function select_random_winner_admin --args admin_cap:AdminCapability --addresses-file "D:\reference-project\rebasedpixels\nft-admin\temp\addresses_1744901733672.json" --sender 0x2814ed96c9c39ba01d2c4d164cdfbd8e272192dd1ae39d11aac49e352c11b3c5
error: unrecognized subcommand 'call'

Usage: iota.exe move [OPTIONS] <COMMAND>

For more information, try '--help'.
. Verwende Fallback.
[2025-04-17T14:55:33.703Z] Verwende Fallback-Methode zur Gewinnerauswahl...
[2025-04-17T14:55:33.704Z] Fallback-Gewinner ausgewählt: 0xfedcba9876543210fedcba9876543210fedcba98
[2025-04-17T14:55:33.723Z] Minten des NFTs für 0xfedcba9876543210fedcba9876543210fedcba98...
[2025-04-17T14:55:33.723Z] Führe Befehl aus: "C:\iota\iota.exe" move call --function mint_nft_admin --args admin_cap:AdminCapability 0xfedcba9876543210fedcba9876543210fedcba98 --metadata-file "D:\reference-project\rebasedpixels\nft-admin\temp\temp_metadata_1744901733722.json" --image-url "/api/screenshots/epoch-1.png" --sender 0x2814ed96c9c39ba01d2c4d164cdfbd8e272192dd1ae39d11aac49e352c11b3c5
[2025-04-17T14:55:33.758Z] Fehler beim Minten des NFTs: Command failed: "C:\iota\iota.exe" move call --function mint_nft_admin --args admin_cap:AdminCapability 0xfedcba9876543210fedcba9876543210fedcba98 --metadata-file "D:\reference-project\rebasedpixels\nft-admin\temp\temp_metadata_1744901733722.json" --image-url "/api/screenshots/epoch-1.png" --sender 0x2814ed96c9c39ba01d2c4d164cdfbd8e272192dd1ae39d11aac49e352c11b3c5
error: unrecognized subcommand 'call'

Usage: iota.exe move [OPTIONS] <COMMAND>

For more information, try '--help'.

[2025-04-17T14:55:33.759Z] Unerwarteter Fehler im Auto-Mint-Prozess: Command failed: "C:\iota\iota.exe" move call --function mint_nft_admin --args admin_cap:AdminCapability 0xfedcba9876543210fedcba9876543210fedcba98 --metadata-file "D:\reference-project\rebasedpixels\nft-admin\temp\temp_metadata_1744901733722.json" --image-url "/api/screenshots/epoch-1.png" --sender 0x2814ed96c9c39ba01d2c4d164cdfbd8e272192dd1ae39d11aac49e352c11b3c5
error: unrecognized subcommand 'call'

Usage: iota.exe move [OPTIONS] <COMMAND>

For more information, try '--help'.

[2025-04-17T14:58:25.905Z] Starte Auto-Mint-Prozess...
[2025-04-17T14:58:25.910Z] === Rebased Pixels Auto-Mint-Prozess gestartet ===
[2025-04-17T14:58:25.911Z] Überprüfe die erforderlichen Tools...
[2025-04-17T14:58:25.942Z] IOTA CLI Version: iota 0.11.4-rc-1672a3942e6a
[2025-04-17T14:58:25.943Z] Alle erforderlichen Tools sind verfügbar
[2025-04-17T14:58:25.944Z] Suche Exportdateien in: D:\reference-project\rebasedpixels\nft-admin\data\exports
[2025-04-17T14:58:25.946Z] Neue Epoche 1 gefunden! Starte Verarbeitung...
[2025-04-17T14:58:25.947Z] Wähle einen zufälligen Gewinner mit der IOTA CLI aus...
[2025-04-17T14:58:25.947Z] Führe Befehl aus: "C:\iota\iota.exe" client call --function select_random_winner_admin --args admin_cap:AdminCapability --addresses-file "D:\reference-project\rebasedpixels\nft-admin\temp\addresses_1744901905946.json" --sender 0x2814ed96c9c39ba01d2c4d164cdfbd8e272192dd1ae39d11aac49e352c11b3c5
[2025-04-17T14:58:25.975Z] Fehler bei der CLI-Auswahl: Command failed: "C:\iota\iota.exe" client call --function select_random_winner_admin --args admin_cap:AdminCapability --addresses-file "D:\reference-project\rebasedpixels\nft-admin\temp\addresses_1744901905946.json" --sender 0x2814ed96c9c39ba01d2c4d164cdfbd8e272192dd1ae39d11aac49e352c11b3c5
error: unexpected argument '--addresses-file' found

  tip: to pass '--addresses-file' as a value, use '-- --addresses-file'

Usage: iota.exe client call --package <PACKAGE> --module <MODULE> --function <FUNCTION> --args <ARGS>...

For more information, try '--help'.
. Verwende Fallback.
[2025-04-17T14:58:25.976Z] Verwende Fallback-Methode zur Gewinnerauswahl...
[2025-04-17T14:58:25.977Z] Fallback-Gewinner ausgewählt: 0x9876543210abcdef9876543210abcdef98765432
[2025-04-17T14:58:25.996Z] Minten des NFTs für 0x9876543210abcdef9876543210abcdef98765432...
[2025-04-17T14:58:25.996Z] Führe Befehl aus: "C:\iota\iota.exe" client call --function mint_nft_admin --args admin_cap:AdminCapability 0x9876543210abcdef9876543210abcdef98765432 --metadata-file "D:\reference-project\rebasedpixels\nft-admin\temp\temp_metadata_1744901905995.json" --image-url "/api/screenshots/epoch-1.png" --sender 0x2814ed96c9c39ba01d2c4d164cdfbd8e272192dd1ae39d11aac49e352c11b3c5
[2025-04-17T14:58:26.026Z] Fehler beim Minten des NFTs: Command failed: "C:\iota\iota.exe" client call --function mint_nft_admin --args admin_cap:AdminCapability 0x9876543210abcdef9876543210abcdef98765432 --metadata-file "D:\reference-project\rebasedpixels\nft-admin\temp\temp_metadata_1744901905995.json" --image-url "/api/screenshots/epoch-1.png" --sender 0x2814ed96c9c39ba01d2c4d164cdfbd8e272192dd1ae39d11aac49e352c11b3c5
error: unexpected argument '--metadata-file' found

  tip: to pass '--metadata-file' as a value, use '-- --metadata-file'

Usage: iota.exe client call --package <PACKAGE> --module <MODULE> --function <FUNCTION> --args <ARGS>...

For more information, try '--help'.

[2025-04-17T14:58:26.026Z] Unerwarteter Fehler im Auto-Mint-Prozess: Command failed: "C:\iota\iota.exe" client call --function mint_nft_admin --args admin_cap:AdminCapability 0x9876543210abcdef9876543210abcdef98765432 --metadata-file "D:\reference-project\rebasedpixels\nft-admin\temp\temp_metadata_1744901905995.json" --image-url "/api/screenshots/epoch-1.png" --sender 0x2814ed96c9c39ba01d2c4d164cdfbd8e272192dd1ae39d11aac49e352c11b3c5
error: unexpected argument '--metadata-file' found

  tip: to pass '--metadata-file' as a value, use '-- --metadata-file'

Usage: iota.exe client call --package <PACKAGE> --module <MODULE> --function <FUNCTION> --args <ARGS>...

For more information, try '--help'.

[2025-04-17T14:59:10.918Z] Starte Auto-Mint-Prozess...
[2025-04-17T14:59:10.923Z] === Rebased Pixels Auto-Mint-Prozess gestartet ===
[2025-04-17T14:59:10.924Z] Überprüfe die erforderlichen Tools...
[2025-04-17T14:59:10.954Z] IOTA CLI Version: iota 0.11.4-rc-1672a3942e6a
[2025-04-17T14:59:10.954Z] Alle erforderlichen Tools sind verfügbar
[2025-04-17T14:59:10.955Z] Suche Exportdateien in: D:\reference-project\rebasedpixels\nft-admin\data\exports
[2025-04-17T14:59:10.957Z] Neue Epoche 1 gefunden! Starte Verarbeitung...
[2025-04-17T14:59:10.958Z] Wähle einen zufälligen Gewinner mit der IOTA CLI aus...
[2025-04-17T14:59:10.958Z] Verwende Fallback-Methode, da die IOTA CLI-Befehlsstruktur nicht vollständig bekannt ist...
[2025-04-17T14:59:10.959Z] Verwende Fallback-Methode zur Gewinnerauswahl...
[2025-04-17T14:59:10.959Z] Fallback-Gewinner ausgewählt: 0x2814ed96c9c39ba01d2c4d164cdfbd8e272192dd1ae39d11aac49e352c11b3c5
[2025-04-17T14:59:10.978Z] Simuliere Mint-Prozess für 0x2814ed96c9c39ba01d2c4d164cdfbd8e272192dd1ae39d11aac49e352c11b3c5...
[2025-04-17T14:59:10.978Z] Metadaten wurden in D:\reference-project\rebasedpixels\nft-admin\temp\temp_metadata_1744901950977.json gespeichert.
[2025-04-17T14:59:10.979Z] Simuliertes Minting für 0x2814ed96c9c39ba01d2c4d164cdfbd8e272192dd1ae39d11aac49e352c11b3c5 mit Bild-URL /api/screenshots/epoch-1.png war erfolgreich.
[2025-04-17T14:59:10.979Z] In einer vollständigen Implementierung würde der folgende Befehl verwendet:
    "C:\iota\iota.exe" client call --package <PACKAGE_ID> --module <MODULE_NAME> --function mint_nft_admin --args <ARGS>
[2025-04-17T14:59:10.980Z] Epoche 1 als verarbeitet markiert.
[2025-04-17T14:59:10.981Z] === Auto-Mint-Prozess für Epoche 1 erfolgreich abgeschlossen ===
[2025-04-17T15:00:32.537Z] Starte Auto-Mint-Prozess...
Fehler beim Schreiben ins Log: EBUSY: resource busy or locked, open 'D:\reference-project\rebasedpixels\nft-admin\logs\auto-mint.log'
[2025-04-17T15:00:32.540Z] === Rebased Pixels Auto-Mint-Prozess gestartet ===
Fehler beim Schreiben ins Log: EBUSY: resource busy or locked, open 'D:\reference-project\rebasedpixels\nft-admin\logs\auto-mint.log'
[2025-04-17T15:00:32.540Z] Überprüfe die erforderlichen Tools...
Fehler beim Schreiben ins Log: EBUSY: resource busy or locked, open 'D:\reference-project\rebasedpixels\nft-admin\logs\auto-mint.log'
[2025-04-17T15:00:32.567Z] IOTA CLI Version: iota 0.11.4-rc-1672a3942e6a
Fehler beim Schreiben ins Log: EBUSY: resource busy or locked, open 'D:\reference-project\rebasedpixels\nft-admin\logs\auto-mint.log'
[2025-04-17T15:00:32.567Z] Alle erforderlichen Tools sind verfügbar
Fehler beim Schreiben ins Log: EBUSY: resource busy or locked, open 'D:\reference-project\rebasedpixels\nft-admin\logs\auto-mint.log'
[2025-04-17T15:00:32.568Z] Suche Exportdateien in: D:\reference-project\rebasedpixels\nft-admin\data\exports
Fehler beim Schreiben ins Log: EBUSY: resource busy or locked, open 'D:\reference-project\rebasedpixels\nft-admin\logs\auto-mint.log'
[2025-04-17T15:00:32.569Z] Epoche 1 wurde bereits verarbeitet.
Fehler beim Schreiben ins Log: EBUSY: resource busy or locked, open 'D:\reference-project\rebasedpixels\nft-admin\logs\auto-mint.log'
[2025-04-17T22:33:00.297Z] Starte Auto-Mint-Prozess...
[2025-04-17T22:33:00.301Z] === Rebased Pixels Auto-Mint-Prozess gestartet ===
[2025-04-17T22:33:00.302Z] Überprüfe die erforderlichen Tools...
[2025-04-17T22:33:00.342Z] IOTA CLI Version: iota 0.11.4-rc-1672a3942e6a
[2025-04-17T22:33:00.342Z] Alle erforderlichen Tools sind verfügbar
[2025-04-17T22:33:00.342Z] Suche Exportdateien in: D:\reference-project\rebasedpixels\nft-admin\data\exports
[2025-04-17T22:33:00.344Z] Epoche 1 wurde bereits verarbeitet.
[2025-04-17T22:41:16.890Z] Starte Auto-Mint-Prozess...
[2025-04-17T22:41:16.894Z] === Rebased Pixels Auto-Mint-Prozess gestartet ===
[2025-04-17T22:41:16.895Z] Überprüfe die erforderlichen Tools...
[2025-04-17T22:41:16.925Z] IOTA CLI Version: iota 0.11.4-rc-1672a3942e6a
[2025-04-17T22:41:16.926Z] Alle erforderlichen Tools sind verfügbar
[2025-04-17T22:41:16.926Z] Suche Exportdateien in: D:\reference-project\rebasedpixels\nft-admin\data\exports
[2025-04-17T22:41:16.927Z] Neue Epoche 2 gefunden! Starte Verarbeitung...
[2025-04-17T22:41:16.928Z] Keine Teilnehmer in der Liste gefunden.
[2025-04-17T22:42:06.724Z] Starte Auto-Mint-Prozess...
[2025-04-17T22:42:06.728Z] === Rebased Pixels Auto-Mint-Prozess gestartet ===
[2025-04-17T22:42:06.729Z] Überprüfe die erforderlichen Tools...
[2025-04-17T22:42:06.764Z] IOTA CLI Version: iota 0.11.4-rc-1672a3942e6a
[2025-04-17T22:42:06.765Z] Alle erforderlichen Tools sind verfügbar
[2025-04-17T22:42:06.765Z] Suche Exportdateien in: D:\reference-project\rebasedpixels\nft-admin\data\exports
[2025-04-17T22:42:06.767Z] Neue Epoche 2 gefunden! Starte Verarbeitung...
[2025-04-17T22:42:06.768Z] Wähle einen zufälligen Gewinner mit der IOTA CLI aus...
[2025-04-17T22:42:06.769Z] Verwende Fallback-Methode zur Auswahl eines zufälligen Gewinners...
[2025-04-17T22:42:06.769Z] Verwende Fallback-Methode zur Gewinnerauswahl...
[2025-04-17T22:42:06.770Z] Fallback-Gewinner ausgewählt: 0xbefe9a363642acdaca491a8124425e0927a2ce03
[2025-04-17T22:42:06.788Z] Simuliere Mint-Prozess für 0xbefe9a363642acdaca491a8124425e0927a2ce03...
[2025-04-17T22:42:06.788Z] Metadaten wurden in D:\reference-project\rebasedpixels\nft-admin\temp\temp_metadata_1744929726788.json gespeichert.
[2025-04-17T22:42:06.789Z] Simuliertes Minting für 0xbefe9a363642acdaca491a8124425e0927a2ce03 mit Bild-URL /api/screenshots/epoch-2.png war erfolgreich.
[2025-04-17T22:42:06.789Z] In einer vollständigen Implementierung würde der folgende Befehl verwendet:
    "C:\iota\iota.exe" client call --package <NFT_PACKAGE_ID> --module nft --function mint --args "0xbefe9a363642acdaca491a8124425e0927a2ce03" "/api/screenshots/epoch-2.png" --gas-budget 100000000
[2025-04-17T22:42:06.790Z] NFT-Metadaten: 
    Name: Rebased Pixels - Epoch #2
    Beschreibung: Ein kollektives Kunstwerk der Epoch #2, erschaffen von 10 Teilnehmern im Rebased Pixels Projekt. Erstellt von 15.4.2023 bis 22.4.2023.
    
[2025-04-17T22:42:06.791Z] Epoche 2 als verarbeitet markiert.
[2025-04-17T22:42:06.791Z] === Auto-Mint-Prozess für Epoche 2 erfolgreich abgeschlossen ===
[2025-04-17T22:45:02.211Z] Starte Auto-Mint-Prozess...
[2025-04-17T22:45:02.215Z] === Rebased Pixels Auto-Mint-Prozess gestartet ===
[2025-04-17T22:45:02.216Z] Überprüfe die erforderlichen Tools...
[2025-04-17T22:45:02.251Z] IOTA CLI Version: iota 0.11.4-rc-1672a3942e6a
[2025-04-17T22:45:02.252Z] Alle erforderlichen Tools sind verfügbar
[2025-04-17T22:45:02.252Z] Suche Exportdateien in: D:\reference-project\rebasedpixels\nft-admin\data\exports
[2025-04-17T22:45:02.254Z] Neue Epoche 3 gefunden! Starte Verarbeitung...
[2025-04-17T22:45:02.256Z] Wähle einen zufälligen Gewinner mit der IOTA CLI aus...
[2025-04-17T22:45:02.256Z] Verwende Fallback-Methode zur Auswahl eines zufälligen Gewinners...
[2025-04-17T22:45:02.257Z] Verwende Fallback-Methode zur Gewinnerauswahl...
[2025-04-17T22:45:02.257Z] Fallback-Gewinner ausgewählt: 0x1ab2c3d4e5f6a7b8c9d0e1f2a3b4c5d6e7f8a9b0
[2025-04-17T22:45:02.276Z] Simuliere Mint-Prozess für 0x1ab2c3d4e5f6a7b8c9d0e1f2a3b4c5d6e7f8a9b0...
[2025-04-17T22:45:02.277Z] Metadaten wurden in D:\reference-project\rebasedpixels\nft-admin\temp\temp_metadata_1744929902276.json gespeichert.
[2025-04-17T22:45:02.277Z] Simuliertes Minting für 0x1ab2c3d4e5f6a7b8c9d0e1f2a3b4c5d6e7f8a9b0 mit Bild-URL /api/screenshots/epoch-3.png war erfolgreich.
[2025-04-17T22:45:02.277Z] In einer vollständigen Implementierung würde der folgende Befehl verwendet:
    "C:\iota\iota.exe" client call --package <NFT_PACKAGE_ID> --module nft --function mint --args "0x1ab2c3d4e5f6a7b8c9d0e1f2a3b4c5d6e7f8a9b0" "/api/screenshots/epoch-3.png" --gas-budget 100000000
[2025-04-17T22:45:02.278Z] NFT-Metadaten: 
    Name: Rebased Pixels - Epoch #3
    Beschreibung: Ein kollektives Kunstwerk der Epoch #3, erschaffen von 5 Teilnehmern im Rebased Pixels Projekt. Erstellt von 1.5.2023 bis 8.5.2023.
    
[2025-04-17T22:45:02.279Z] Epoche 3 als verarbeitet markiert.
[2025-04-17T22:45:02.280Z] === Auto-Mint-Prozess für Epoche 3 erfolgreich abgeschlossen ===
